mode: set
github.com/bdichter/bookings/cmd/web/routes.go:13.49,44.2 18 1
github.com/bdichter/bookings/cmd/web/main.go:25.13,27.16 2 0
github.com/bdichter/bookings/cmd/web/main.go:31.2,39.16 4 0
github.com/bdichter/bookings/cmd/web/main.go:27.16,29.3 1 0
github.com/bdichter/bookings/cmd/web/main.go:42.18,58.16 10 1
github.com/bdichter/bookings/cmd/web/main.go:63.2,70.12 6 1
github.com/bdichter/bookings/cmd/web/main.go:58.16,61.3 2 0
github.com/bdichter/bookings/cmd/web/middleware.go:17.45,28.2 3 1
github.com/bdichter/bookings/cmd/web/middleware.go:31.50,33.2 1 1
