mode: set
github.com/bdichter/bookings/internal/handlers/handlers.go:24.47,28.2 1 1
github.com/bdichter/bookings/internal/handlers/handlers.go:31.33,33.2 1 1
github.com/bdichter/bookings/internal/handlers/handlers.go:36.67,41.2 3 1
github.com/bdichter/bookings/internal/handlers/handlers.go:44.68,58.2 5 1
github.com/bdichter/bookings/internal/handlers/handlers.go:61.74,70.2 4 1
github.com/bdichter/bookings/internal/handlers/handlers.go:73.78,75.16 2 1
github.com/bdichter/bookings/internal/handlers/handlers.go:80.2,93.19 6 1
github.com/bdichter/bookings/internal/handlers/handlers.go:104.2,106.66 2 1
github.com/bdichter/bookings/internal/handlers/handlers.go:75.16,78.3 2 0
github.com/bdichter/bookings/internal/handlers/handlers.go:93.19,102.3 4 0
github.com/bdichter/bookings/internal/handlers/handlers.go:110.71,112.2 1 1
github.com/bdichter/bookings/internal/handlers/handlers.go:115.69,117.2 1 1
github.com/bdichter/bookings/internal/handlers/handlers.go:120.75,122.2 1 1
github.com/bdichter/bookings/internal/handlers/handlers.go:125.79,130.2 3 1
github.com/bdichter/bookings/internal/handlers/handlers.go:138.79,145.16 3 1
github.com/bdichter/bookings/internal/handlers/handlers.go:151.2,152.14 2 1
github.com/bdichter/bookings/internal/handlers/handlers.go:145.16,147.3 1 0
github.com/bdichter/bookings/internal/handlers/handlers.go:156.70,158.2 1 1
github.com/bdichter/bookings/internal/handlers/handlers.go:160.81,162.9 2 1
github.com/bdichter/bookings/internal/handlers/handlers.go:169.2,175.4 4 0
github.com/bdichter/bookings/internal/handlers/handlers.go:162.9,167.3 4 1
